2019-05-06 00:59:30 [scrapy.utils.log] INFO: Scrapy 1.6.0 started (bot: bitspider)
2019-05-06 00:59:30 [scrapy.utils.log] INFO: Versions: lxml 4.3.3.0, libxml2 2.9.9, cssselect 1.0.3, parsel 1.5.1, w3lib 1.20.0, Twisted 19.2.0, Python 3.7.3 (default, May  4 2019, 00:35:06) - [GCC 5.4.0 20160609], pyOpenSSL 19.0.0 (OpenSSL 1.1.1b  26 Feb 2019), cryptography 2.6.1, Platform Linux-4.4.0-146-generic-x86_64-with-debian-stretch-sid
2019-05-06 00:59:30 [scrapy.crawler] INFO: Overridden settings: {'BOT_NAME': 'bitspider', 'HTTPCACHE_ENABLED': True, 'LOG_LEVEL': 'INFO', 'NEWSPIDER_MODULE': 'bitspider.spiders', 'ROBOTSTXT_OBEY': True, 'SPIDER_MODULES': ['bitspider.spiders']}
2019-05-06 00:59:30 [scrapy.extensions.telnet] INFO: Telnet Password: af211cc36b518804
2019-05-06 00:59:30 [scrapy.middleware] INFO: Enabled extensions:
['scrapy.extensions.corestats.CoreStats',
 'scrapy.extensions.telnet.TelnetConsole',
 'scrapy.extensions.memusage.MemoryUsage',
 'scrapy.extensions.logstats.LogStats']
2019-05-06 00:59:30 [scrapy.middleware] INFO: Enabled downloader middlewares:
['scrapy.downloadermiddlewares.robotstxt.RobotsTxtMiddleware',
 'scrapy.downloadermiddlewares.httpauth.HttpAuthMiddleware',
 'scrapy.downloadermiddlewares.downloadtimeout.DownloadTimeoutMiddleware',
 'scrapy.downloadermiddlewares.defaultheaders.DefaultHeadersMiddleware',
 'scrapy.downloadermiddlewares.useragent.UserAgentMiddleware',
 'scrapy.downloadermiddlewares.retry.RetryMiddleware',
 'scrapy.downloadermiddlewares.redirect.MetaRefreshMiddleware',
 'scrapy.downloadermiddlewares.redirect.RedirectMiddleware',
 'scrapy.downloadermiddlewares.cookies.CookiesMiddleware',
 'scrapy_splash.SplashCookiesMiddleware',
 'scrapy_splash.SplashMiddleware',
 'scrapy.downloadermiddlewares.httpproxy.HttpProxyMiddleware',
 'scrapy.downloadermiddlewares.httpcompression.HttpCompressionMiddleware',
 'scrapy.downloadermiddlewares.stats.DownloaderStats',
 'scrapy.downloadermiddlewares.httpcache.HttpCacheMiddleware']
2019-05-06 00:59:30 [scrapy.middleware] INFO: Enabled spider middlewares:
['scrapy.spidermiddlewares.httperror.HttpErrorMiddleware',
 'scrapy.spidermiddlewares.offsite.OffsiteMiddleware',
 'scrapy.spidermiddlewares.referer.RefererMiddleware',
 'scrapy.spidermiddlewares.urllength.UrlLengthMiddleware',
 'scrapy.spidermiddlewares.depth.DepthMiddleware']
2019-05-06 00:59:30 [scrapy.middleware] INFO: Enabled item pipelines:
['bitspider.pipelines.CcnComPipeline']
2019-05-06 00:59:30 [scrapy.core.engine] INFO: Spider opened
2019-05-06 00:59:30 [scrapy.extensions.logstats] INFO: Crawled 0 pages (at 0 pages/min), scraped 0 items (at 0 items/min)
2019-05-06 00:59:30 [scrapy.extensions.telnet] INFO: Telnet console listening on 127.0.0.1:6023
2019-05-06 00:59:30 [scrapy.spidermiddlewares.httperror] INFO: Ignoring response <403 http://www.ccn.com/>: HTTP status code is not handled or not allowed
2019-05-06 00:59:30 [scrapy.core.engine] INFO: Closing spider (finished)
2019-05-06 00:59:30 [scrapy.statscollectors] INFO: Dumping Scrapy stats:
{'downloader/request_bytes': 430,
 'downloader/request_count': 2,
 'downloader/request_method_count/GET': 2,
 'downloader/response_bytes': 4805,
 'downloader/response_count': 2,
 'downloader/response_status_count/403': 2,
 'finish_reason': 'finished',
 'finish_time': datetime.datetime(2019, 5, 5, 16, 59, 30, 789736),
 'httpcache/hit': 2,
 'httperror/response_ignored_count': 1,
 'httperror/response_ignored_status_count/403': 1,
 'log_count/INFO': 10,
 'memusage/max': 54579200,
 'memusage/startup': 54579200,
 'response_received_count': 2,
 'robotstxt/request_count': 1,
 'robotstxt/response_count': 1,
 'robotstxt/response_status_count/403': 1,
 'scheduler/dequeued': 1,
 'scheduler/dequeued/memory': 1,
 'scheduler/enqueued': 1,
 'scheduler/enqueued/memory': 1,
 'start_time': datetime.datetime(2019, 5, 5, 16, 59, 30, 673997)}
2019-05-06 00:59:30 [scrapy.core.engine] INFO: Spider closed (finished)
